0 Wed Nov 19 20:35:14 2014
:Thread pool created
10084 Wed Nov 19 20:35:14 2014
:Thread created
8484 Wed Nov 19 20:35:14 2014
:Thread created
9952 Wed Nov 19 20:35:14 2014
:Thread created
5640 Wed Nov 19 20:35:14 2014
:Thread created
4600 Wed Nov 19 20:35:14 2014
:Thread created
0 Wed Nov 19 20:35:19 2014
:Task added to thread
4600 Wed Nov 19 20:35:19 2014
:Task added
0 Wed Nov 19 20:35:19 2014
:Task added to thread
9952 Wed Nov 19 20:35:19 2014
:Task added
4600 Wed Nov 19 20:35:19 2014
:Error
9952 Wed Nov 19 20:35:19 2014
:Error
4600 Wed Nov 19 20:35:19 2014
:Thread destroyed
9952 Wed Nov 19 20:35:19 2014
:Thread destroyed
0 Wed Nov 19 20:35:19 2014
:Task added to thread
10084 Wed Nov 19 20:35:19 2014
:Task added
10084 Wed Nov 19 20:35:19 2014
:Error
10084 Wed Nov 19 20:35:24 2014
:Thread destroyed
5640 Wed Nov 19 20:35:24 2014
:Task added
0 Wed Nov 19 20:35:24 2014
:Task added to thread
5640 Wed Nov 19 20:35:24 2014
:Error
5640 Wed Nov 19 20:35:25 2014
:Thread destroyed
0 Wed Nov 19 20:35:25 2014
:Task added to thread
8484 Wed Nov 19 20:35:25 2014
:Task added
8484 Wed Nov 19 20:35:25 2014
:Error
8484 Wed Nov 19 20:35:25 2014
:Thread destroyed
0 Wed Nov 19 20:35:25 2014
:Thread pool destroyed
