C:\USERS\VERONIKA\DESKTOP\MINIPAINT\MINIPAINT\DEBUG\MINIPAINT.PCH
C:\USERS\VERONIKA\DESKTOP\MINIPAINT\MINIPAINT\DEBUG\STDAFX.OBJ
C:\USERS\VERONIKA\DESKTOP\MINIPAINT\MINIPAINT\DEBUG\VC110.PDB
C:\USERS\VERONIKA\DESKTOP\MINIPAINT\MINIPAINT\DEBUG\MINIPAINT.OBJ
C:\USERS\VERONIKA\DOCUMENTS\GITHUB\OSISP\MINIPAINT\MINIPAINT\DEBUG\MINIPAINT.PCH
C:\USERS\VERONIKA\DOCUMENTS\GITHUB\OSISP\MINIPAINT\MINIPAINT\DEBUG\STDAFX.OBJ
C:\USERS\VERONIKA\DOCUMENTS\GITHUB\OSISP\MINIPAINT\MINIPAINT\DEBUG\VC110.PDB
C:\USERS\VERONIKA\DOCUMENTS\GITHUB\OSISP\MINIPAINT\MINIPAINT\DEBUG\MINIPAINT.OBJ
C:\USERS\VERONIKA\DESKTOP\MINIPAINT\DEBUG\MINIPAINT.ILK
C:\USERS\VERONIKA\DESKTOP\MINIPAINT\DEBUG\MINIPAINT.EXE
C:\USERS\VERONIKA\DESKTOP\MINIPAINT\DEBUG\MINIPAINT.PDB
C:\USERS\VERONIKA\DOCUMENTS\GITHUB\OSISP\MINIPAINT\DEBUG\MINIPAINT.ILK
C:\USERS\VERONIKA\DOCUMENTS\GITHUB\OSISP\MINIPAINT\DEBUG\MINIPAINT.EXE
C:\USERS\VERONIKA\DOCUMENTS\GITHUB\OSISP\MINIPAINT\DEBUG\MINIPAINT.PDB
C:\USERS\VERONIKA\DESKTOP\MINIPAINT\MINIPAINT\DEBUG\MINIPAINT.RES
C:\USERS\VERONIKA\DOCUMENTS\GITHUB\OSISP\MINIPAINT\MINIPAINT\DEBUG\MINIPAINT.RES
C:\Users\Veronika\Documents\GitHub\OSISP\MiniPaint\MiniPaint\Debug\MiniPaint.obj
C:\Users\Veronika\Documents\GitHub\OSISP\MiniPaint\MiniPaint\Debug\stdafx.obj
C:\Users\Veronika\Documents\GitHub\OSISP\MiniPaint\MiniPaint\Debug\cl.command.1.tlog
C:\Users\Veronika\Documents\GitHub\OSISP\MiniPaint\MiniPaint\Debug\CL.read.1.tlog
C:\Users\Veronika\Documents\GitHub\OSISP\MiniPaint\MiniPaint\Debug\CL.write.1.tlog
C:\Users\Veronika\Documents\GitHub\OSISP\MiniPaint\MiniPaint\Debug\link-cvtres.read.1.tlog
C:\Users\Veronika\Documents\GitHub\OSISP\MiniPaint\MiniPaint\Debug\link-cvtres.write.1.tlog
C:\Users\Veronika\Documents\GitHub\OSISP\MiniPaint\MiniPaint\Debug\link-rc.read.1.tlog
C:\Users\Veronika\Documents\GitHub\OSISP\MiniPaint\MiniPaint\Debug\link-rc.write.1.tlog
C:\Users\Veronika\Documents\GitHub\OSISP\MiniPaint\MiniPaint\Debug\link.10268-cvtres.read.1.tlog
C:\Users\Veronika\Documents\GitHub\OSISP\MiniPaint\MiniPaint\Debug\link.10268-cvtres.write.1.tlog
C:\Users\Veronika\Documents\GitHub\OSISP\MiniPaint\MiniPaint\Debug\link.10268-rc.read.1.tlog
C:\Users\Veronika\Documents\GitHub\OSISP\MiniPaint\MiniPaint\Debug\link.10268-rc.write.1.tlog
C:\Users\Veronika\Documents\GitHub\OSISP\MiniPaint\MiniPaint\Debug\link.10268.read.1.tlog
C:\Users\Veronika\Documents\GitHub\OSISP\MiniPaint\MiniPaint\Debug\link.10268.write.1.tlog
C:\Users\Veronika\Documents\GitHub\OSISP\MiniPaint\MiniPaint\Debug\link.1592-cvtres.read.1.tlog
C:\Users\Veronika\Documents\GitHub\OSISP\MiniPaint\MiniPaint\Debug\link.1592-cvtres.write.1.tlog
C:\Users\Veronika\Documents\GitHub\OSISP\MiniPaint\MiniPaint\Debug\link.1592-rc.read.1.tlog
C:\Users\Veronika\Documents\GitHub\OSISP\MiniPaint\MiniPaint\Debug\link.1592-rc.write.1.tlog
C:\Users\Veronika\Documents\GitHub\OSISP\MiniPaint\MiniPaint\Debug\link.1592.read.1.tlog
C:\Users\Veronika\Documents\GitHub\OSISP\MiniPaint\MiniPaint\Debug\link.1592.write.1.tlog
C:\Users\Veronika\Documents\GitHub\OSISP\MiniPaint\MiniPaint\Debug\link.2704-cvtres.read.1.tlog
C:\Users\Veronika\Documents\GitHub\OSISP\MiniPaint\MiniPaint\Debug\link.2704-cvtres.write.1.tlog
C:\Users\Veronika\Documents\GitHub\OSISP\MiniPaint\MiniPaint\Debug\link.2704-rc.read.1.tlog
C:\Users\Veronika\Documents\GitHub\OSISP\MiniPaint\MiniPaint\Debug\link.2704-rc.write.1.tlog
C:\Users\Veronika\Documents\GitHub\OSISP\MiniPaint\MiniPaint\Debug\link.2704.read.1.tlog
C:\Users\Veronika\Documents\GitHub\OSISP\MiniPaint\MiniPaint\Debug\link.2704.write.1.tlog
C:\Users\Veronika\Documents\GitHub\OSISP\MiniPaint\MiniPaint\Debug\link.2972-cvtres.read.1.tlog
C:\Users\Veronika\Documents\GitHub\OSISP\MiniPaint\MiniPaint\Debug\link.2972-cvtres.write.1.tlog
C:\Users\Veronika\Documents\GitHub\OSISP\MiniPaint\MiniPaint\Debug\link.2972-rc.read.1.tlog
C:\Users\Veronika\Documents\GitHub\OSISP\MiniPaint\MiniPaint\Debug\link.2972-rc.write.1.tlog
C:\Users\Veronika\Documents\GitHub\OSISP\MiniPaint\MiniPaint\Debug\link.2972.read.1.tlog
C:\Users\Veronika\Documents\GitHub\OSISP\MiniPaint\MiniPaint\Debug\link.2972.write.1.tlog
C:\Users\Veronika\Documents\GitHub\OSISP\MiniPaint\MiniPaint\Debug\link.9332-cvtres.read.1.tlog
C:\Users\Veronika\Documents\GitHub\OSISP\MiniPaint\MiniPaint\Debug\link.9332-cvtres.write.1.tlog
C:\Users\Veronika\Documents\GitHub\OSISP\MiniPaint\MiniPaint\Debug\link.9332-rc.read.1.tlog
C:\Users\Veronika\Documents\GitHub\OSISP\MiniPaint\MiniPaint\Debug\link.9332-rc.write.1.tlog
C:\Users\Veronika\Documents\GitHub\OSISP\MiniPaint\MiniPaint\Debug\link.9332.read.1.tlog
C:\Users\Veronika\Documents\GitHub\OSISP\MiniPaint\MiniPaint\Debug\link.9332.write.1.tlog
C:\Users\Veronika\Documents\GitHub\OSISP\MiniPaint\MiniPaint\Debug\link.command.1.tlog
C:\Users\Veronika\Documents\GitHub\OSISP\MiniPaint\MiniPaint\Debug\link.read.1.tlog
C:\Users\Veronika\Documents\GitHub\OSISP\MiniPaint\MiniPaint\Debug\link.write.1.tlog
C:\Users\Veronika\Documents\GitHub\OSISP\MiniPaint\MiniPaint\Debug\rc.command.1.tlog
C:\Users\Veronika\Documents\GitHub\OSISP\MiniPaint\MiniPaint\Debug\rc.read.1.tlog
C:\Users\Veronika\Documents\GitHub\OSISP\MiniPaint\MiniPaint\Debug\rc.write.1.tlog
C:\Users\Veronika\Documents\GitHub\OSISP\MiniPaint\MiniPaint\Debug\MiniPaint.res
C:\Users\Veronika\Documents\GitHub\OSISP\MiniPaint\MiniPaint\Debug\MiniPaint.pch
C:\Users\Veronika\Documents\GitHub\OSISP\MiniPaint\MiniPaint\Debug\vc110.idb
C:\Users\Veronika\Documents\GitHub\OSISP\MiniPaint\MiniPaint\Debug\vc110.pdb
C:\Users\Veronika\Documents\GitHub\OSISP\MiniPaint\Debug\MiniPaint.pdb
C:\Users\Veronika\Documents\GitHub\OSISP\MiniPaint\Debug\MiniPaint.exe
C:\Users\Veronika\Documents\GitHub\OSISP\MiniPaint\Debug\MiniPaint.ilk
